<?xml version="1.0" encoding="UTF-8"?>
<!-- Generated by org.testng.reporters.JUnitXMLReporter -->
<testsuite hostname="Praveen" ignored="0" name="Default test" tests="3" failures="0" timestamp="04 Mar 2024 13:33:37 GMT" time="8.202" errors="0">
  <testcase name="openbing" time="1.58" classname="extentReport.ExtentReportExample"/>
  <testcase name="opengoogle" time="4.087" classname="extentReport.ExtentReportExample"/>
  <testcase name="openwikipedia" time="2.516" classname="extentReport.ExtentReportExample"/>
</testsuite> <!-- Default test -->
