<?xml version="1.0" encoding="UTF-8"?>
<testng-results skipped="0" failed="0" ignored="0" total="3" passed="3">
  <reporter-output>
  </reporter-output>
  <suite name="Default suite" duration-ms="8202" started-at="2024-03-04T13:33:29Z" finished-at="2024-03-04T13:33:37Z">
    <groups>
    </groups>
    <test name="Default test" duration-ms="8202" started-at="2024-03-04T13:33:29Z" finished-at="2024-03-04T13:33:37Z">
      <class name="extentReport.ExtentReportExample">
        <test-method status="PASS" signature="launchbrowser()[pri:0, instance:extentReport.ExtentReportExample@7823a2f9]" name="launchbrowser" is-config="true" duration-ms="1912" started-at="2024-03-04T19:03:27Z" finished-at="2024-03-04T19:03:29Z">
          <reporter-output>
          </reporter-output>
        </test-method> <!-- launchbrowser -->
        <test-method status="PASS" signature="openbing()[pri:0, instance:extentReport.ExtentReportExample@7823a2f9]" name="openbing" duration-ms="1580" started-at="2024-03-04T19:03:29Z" finished-at="2024-03-04T19:03:30Z">
          <reporter-output>
          </reporter-output>
        </test-method> <!-- openbing -->
        <test-method status="PASS" signature="opengoogle()[pri:0, instance:extentReport.ExtentReportExample@7823a2f9]" name="opengoogle" duration-ms="4087" started-at="2024-03-04T19:03:30Z" finished-at="2024-03-04T19:03:34Z">
          <reporter-output>
          </reporter-output>
        </test-method> <!-- opengoogle -->
        <test-method status="PASS" signature="openwikipedia()[pri:0, instance:extentReport.ExtentReportExample@7823a2f9]" name="openwikipedia" duration-ms="2516" started-at="2024-03-04T19:03:34Z" finished-at="2024-03-04T19:03:37Z">
          <reporter-output>
          </reporter-output>
        </test-method> <!-- openwikipedia -->
        <test-method status="PASS" signature="closebrowser()[pri:0, instance:extentReport.ExtentReportExample@7823a2f9]" name="closebrowser" is-config="true" duration-ms="377" started-at="2024-03-04T19:03:37Z" finished-at="2024-03-04T19:03:37Z">
          <reporter-output>
          </reporter-output>
        </test-method> <!-- closebrowser -->
      </class> <!-- extentReport.ExtentReportExample -->
    </test> <!-- Default test -->
  </suite> <!-- Default suite -->
</testng-results>
